[2025-12-30T01:05:12.704Z] [INFO] 🔄 Iniciando INCREMENTAL SYNC
[2025-12-30T01:05:14.222Z] [INFO] 📅 Buscando cambios desde: 2025-12-27T23:12:26+00:00
[2025-12-30T01:05:20.774Z] [INFO] ✓ 250 leads actualizados
[2025-12-30T01:05:21.020Z] [INFO] 📅 Buscando eventos nuevos...
[2025-12-30T01:05:21.632Z] [INFO]    └─ Procesados 165 eventos nuevos...
[2025-12-30T01:05:22.580Z] [INFO]    └─ Procesados 183 eventos nuevos...
[2025-12-30T01:05:23.781Z] [INFO]    └─ Procesados 242 eventos nuevos...
[2025-12-30T01:05:24.770Z] [INFO]    └─ Procesados 238 eventos nuevos...
[2025-12-30T01:05:25.582Z] [INFO]    └─ Procesados 197 eventos nuevos...
[2025-12-30T01:05:26.719Z] [INFO]    └─ Procesados 205 eventos nuevos...
[2025-12-30T01:05:27.571Z] [INFO]    └─ Procesados 238 eventos nuevos...
[2025-12-30T01:05:28.217Z] [INFO]    └─ Procesados 4 eventos nuevos...
[2025-12-30T01:05:28.770Z] [INFO] 🔢 Recalculando métricas...
[2025-12-30T01:05:31.070Z] [INFO] ✅ Métricas recalculadas en 2.30s
[2025-12-30T01:05:31.071Z] [INFO] ✅ Sincronización incremental completada en 18.35s. Nuevos: 1472, Saltados: 282
[2025-12-30T01:12:41.071Z] [INFO] 🔄 Iniciando INCREMENTAL SYNC
[2025-12-30T01:12:41.381Z] [INFO] 📅 Buscando cambios desde: 2025-12-29T23:00:11+00:00
[2025-12-30T01:12:46.482Z] [INFO] ✓ 102 leads actualizados
[2025-12-30T01:12:46.661Z] [INFO] 📅 Buscando eventos nuevos...
[2025-12-30T01:12:47.156Z] [INFO]    └─ Procesados 250 eventos nuevos...
[2025-12-30T01:12:47.808Z] [INFO]    └─ Procesados 78 eventos nuevos...
[2025-12-30T01:12:48.270Z] [INFO] 🔢 Recalculando métricas...
[2025-12-30T01:12:50.148Z] [INFO] ✅ Métricas recalculadas en 1.88s
[2025-12-30T01:12:50.150Z] [INFO] ✅ Sincronización incremental completada en 9.07s. Nuevos: 328, Saltados: 0
[2026-01-22T06:16:38.330Z] [INFO] 🔄 Iniciando INCREMENTAL SYNC
[2026-01-22T06:16:38.514Z] [INFO] 📅 Buscando cambios desde: 2025-12-31T13:16:49+00:00
[2026-01-22T06:16:44.682Z] [INFO] ✓ 250 leads actualizados
[2026-01-22T06:16:44.938Z] [INFO] 📅 Buscando eventos nuevos...
[2026-01-22T06:16:45.602Z] [INFO]    └─ Procesados 16 eventos nuevos...
[2026-01-22T06:16:46.824Z] [INFO]    └─ Procesados 219 eventos nuevos...
[2026-01-22T06:16:47.642Z] [INFO]    └─ Procesados 234 eventos nuevos...
[2026-01-22T06:16:48.536Z] [INFO]    └─ Procesados 235 eventos nuevos...
[2026-01-22T06:16:49.279Z] [INFO]    └─ Procesados 3 eventos nuevos...
[2026-01-22T06:16:50.680Z] [INFO]    └─ Procesados 2 eventos nuevos...
[2026-01-22T06:16:51.570Z] [INFO]    └─ Procesados 23 eventos nuevos...
[2026-01-22T06:16:52.483Z] [INFO]    └─ Procesados 17 eventos nuevos...
[2026-01-22T06:16:53.608Z] [INFO]    └─ Procesados 1 eventos nuevos...
[2026-01-22T06:16:54.553Z] [INFO]    └─ Procesados 7 eventos nuevos...
[2026-01-22T06:16:55.876Z] [INFO]    └─ Procesados 9 eventos nuevos...
[2026-01-22T06:16:56.770Z] [INFO]    └─ Procesados 67 eventos nuevos...
[2026-01-22T06:16:57.701Z] [INFO]    └─ Procesados 18 eventos nuevos...
[2026-01-22T06:16:59.457Z] [INFO]    └─ Procesados 16 eventos nuevos...
[2026-01-22T06:17:00.287Z] [INFO]    └─ Procesados 81 eventos nuevos...
[2026-01-22T06:17:01.256Z] [INFO]    └─ Procesados 56 eventos nuevos...
[2026-01-22T06:17:02.926Z] [INFO]    └─ Procesados 1 eventos nuevos...
[2026-01-22T06:17:03.810Z] [INFO]    └─ Procesados 15 eventos nuevos...
[2026-01-22T06:17:04.559Z] [INFO]    └─ Procesados 8 eventos nuevos...
[2026-01-22T06:17:05.487Z] [INFO]    └─ Procesados 2 eventos nuevos...
[2026-01-22T06:17:06.263Z] [INFO]    └─ Procesados 7 eventos nuevos...
[2026-01-22T06:17:07.233Z] [INFO]    └─ Procesados 6 eventos nuevos...
[2026-01-22T06:17:08.057Z] [INFO]    └─ Procesados 31 eventos nuevos...
[2026-01-22T06:17:09.071Z] [INFO]    └─ Procesados 3 eventos nuevos...
[2026-01-22T06:17:10.045Z] [INFO]    └─ Procesados 24 eventos nuevos...
[2026-01-22T06:17:10.982Z] [INFO]    └─ Procesados 92 eventos nuevos...
[2026-01-22T06:17:11.845Z] [INFO]    └─ Procesados 27 eventos nuevos...
[2026-01-22T06:17:12.651Z] [INFO]    └─ Procesados 55 eventos nuevos...
[2026-01-22T06:17:13.505Z] [INFO]    └─ Procesados 79 eventos nuevos...
[2026-01-22T06:17:14.437Z] [INFO]    └─ Procesados 137 eventos nuevos...
[2026-01-22T06:17:15.343Z] [INFO]    └─ Procesados 57 eventos nuevos...
[2026-01-22T06:17:16.239Z] [INFO]    └─ Procesados 12 eventos nuevos...
[2026-01-22T06:17:17.039Z] [INFO]    └─ Procesados 8 eventos nuevos...
[2026-01-22T06:17:17.898Z] [INFO]    └─ Procesados 11 eventos nuevos...
[2026-01-22T06:17:18.895Z] [INFO]    └─ Procesados 2 eventos nuevos...
[2026-01-22T06:17:19.824Z] [INFO]    └─ Procesados 6 eventos nuevos...
[2026-01-22T06:17:23.145Z] [INFO]    └─ Procesados 26 eventos nuevos...
[2026-01-22T06:17:23.948Z] [INFO]    └─ Procesados 11 eventos nuevos...
[2026-01-22T06:17:24.841Z] [INFO]    └─ Procesados 19 eventos nuevos...
[2026-01-22T06:17:25.663Z] [INFO]    └─ Procesados 18 eventos nuevos...
[2026-01-22T06:17:26.495Z] [INFO]    └─ Procesados 4 eventos nuevos...
[2026-01-22T06:17:27.530Z] [INFO]    └─ Procesados 13 eventos nuevos...
[2026-01-22T06:17:28.304Z] [INFO]    └─ Procesados 53 eventos nuevos...
[2026-01-22T06:17:29.174Z] [INFO]    └─ Procesados 9 eventos nuevos...
[2026-01-22T06:17:30.159Z] [INFO]    └─ Procesados 34 eventos nuevos...
[2026-01-22T06:17:31.816Z] [INFO]    └─ Procesados 56 eventos nuevos...
[2026-01-22T06:17:32.760Z] [INFO]    └─ Procesados 1 eventos nuevos...
[2026-01-22T06:17:33.563Z] [INFO]    └─ Procesados 6 eventos nuevos...
[2026-01-22T06:17:34.525Z] [INFO]    └─ Procesados 25 eventos nuevos...
[2026-01-22T06:17:35.510Z] [INFO]    └─ Procesados 12 eventos nuevos...
[2026-01-22T06:17:36.358Z] [INFO]    └─ Procesados 9 eventos nuevos...
[2026-01-22T06:17:37.307Z] [INFO]    └─ Procesados 14 eventos nuevos...
[2026-01-22T06:17:38.260Z] [INFO]    └─ Procesados 20 eventos nuevos...
[2026-01-22T06:17:39.096Z] [INFO]    └─ Procesados 2 eventos nuevos...
[2026-01-22T06:17:40.827Z] [INFO]    └─ Procesados 6 eventos nuevos...
[2026-01-22T06:17:41.659Z] [INFO]    └─ Procesados 58 eventos nuevos...
[2026-01-22T06:17:42.412Z] [INFO]    └─ Procesados 73 eventos nuevos...
[2026-01-22T06:17:43.339Z] [INFO]    └─ Procesados 71 eventos nuevos...
[2026-01-22T06:17:44.446Z] [INFO]    └─ Procesados 56 eventos nuevos...
[2026-01-22T06:17:45.388Z] [INFO]    └─ Procesados 109 eventos nuevos...
[2026-01-22T06:17:46.522Z] [INFO]    └─ Procesados 60 eventos nuevos...
[2026-01-22T06:17:47.385Z] [INFO]    └─ Procesados 124 eventos nuevos...
[2026-01-22T06:17:49.155Z] [INFO]    └─ Procesados 113 eventos nuevos...
[2026-01-22T06:17:50.268Z] [INFO]    └─ Procesados 117 eventos nuevos...
[2026-01-22T06:17:51.121Z] [INFO]    └─ Procesados 123 eventos nuevos...
[2026-01-22T06:17:52.361Z] [INFO]    └─ Procesados 63 eventos nuevos...
[2026-01-22T06:17:53.211Z] [INFO]    └─ Procesados 118 eventos nuevos...
[2026-01-22T06:17:53.952Z] [INFO]    └─ Procesados 60 eventos nuevos...
[2026-01-22T06:17:54.514Z] [INFO] 🔢 Recalculando métricas...
[2026-01-22T06:17:55.840Z] [INFO] ✅ Métricas recalculadas en 1.33s
[2026-01-22T06:17:55.844Z] [INFO] ✅ Sincronización incremental completada en 77.51s. Nuevos: 3070, Saltados: 15347
[2026-01-22T08:25:20.254Z] [INFO] 🔄 Iniciando INCREMENTAL SYNC
[2026-01-22T08:25:20.472Z] [INFO] 📅 Buscando cambios desde: 2026-01-04T20:00:55+00:00
[2026-01-22T08:25:28.236Z] [INFO] ✓ 250 leads actualizados
[2026-01-22T08:25:28.885Z] [INFO] 📅 Buscando eventos nuevos...
[2026-01-22T08:25:29.698Z] [INFO]    └─ Procesados 14 eventos nuevos...
[2026-01-22T08:36:14.680Z] [INFO] 🔄 Iniciando INCREMENTAL SYNC
[2026-01-22T08:36:16.188Z] [INFO] 📅 Buscando cambios desde: 2026-01-09T19:27:04+00:00
[2026-01-22T08:36:22.977Z] [INFO] ✓ 250 leads actualizados
[2026-01-22T08:36:23.249Z] [INFO] 📅 Buscando eventos nuevos...
[2026-01-22T08:36:23.638Z] [INFO]    └─ Procesados 14 eventos nuevos...
[2026-01-22T08:36:24.432Z] [INFO]    └─ Procesados 184 eventos nuevos...
[2026-01-22T08:36:25.467Z] [INFO]    └─ Procesados 234 eventos nuevos...
[2026-01-22T08:36:26.365Z] [INFO]    └─ Procesados 242 eventos nuevos...
[2026-01-22T08:36:27.565Z] [INFO]    └─ Procesados 34 eventos nuevos...
[2026-01-22T08:36:29.381Z] [INFO]    └─ Procesados 2 eventos nuevos...
[2026-01-22T08:36:30.530Z] [INFO]    └─ Procesados 16 eventos nuevos...
[2026-01-22T08:36:31.394Z] [INFO]    └─ Procesados 24 eventos nuevos...
[2026-01-22T08:36:32.220Z] [INFO]    └─ Procesados 1 eventos nuevos...
[2026-01-22T08:36:33.095Z] [INFO]    └─ Procesados 5 eventos nuevos...
[2026-01-22T08:36:34.136Z] [INFO]    └─ Procesados 3 eventos nuevos...
[2026-01-22T08:36:35.034Z] [INFO]    └─ Procesados 68 eventos nuevos...
[2026-01-22T08:36:35.842Z] [INFO]    └─ Procesados 20 eventos nuevos...
[2026-01-22T08:36:36.815Z] [INFO]    └─ Procesados 5 eventos nuevos...
[2026-01-22T08:36:38.422Z] [INFO]    └─ Procesados 97 eventos nuevos...
[2026-01-22T08:36:39.221Z] [INFO]    └─ Procesados 48 eventos nuevos...
[2026-01-22T08:36:39.999Z] [INFO]    └─ Procesados 8 eventos nuevos...
[2026-01-22T08:36:41.477Z] [INFO]    └─ Procesados 16 eventos nuevos...
[2026-01-22T08:36:42.343Z] [INFO]    └─ Procesados 7 eventos nuevos...
[2026-01-22T08:36:43.207Z] [INFO]    └─ Procesados 3 eventos nuevos...
[2026-01-22T08:36:44.165Z] [INFO]    └─ Procesados 7 eventos nuevos...
[2026-01-22T08:36:44.984Z] [INFO]    └─ Procesados 4 eventos nuevos...
[2026-01-22T08:36:45.834Z] [INFO]    └─ Procesados 31 eventos nuevos...
[2026-01-22T08:36:46.646Z] [INFO]    └─ Procesados 5 eventos nuevos...
[2026-01-22T08:36:47.525Z] [INFO]    └─ Procesados 18 eventos nuevos...
[2026-01-22T08:36:48.347Z] [INFO]    └─ Procesados 92 eventos nuevos...
[2026-01-22T08:36:49.202Z] [INFO]    └─ Procesados 33 eventos nuevos...
[2026-01-22T08:36:50.170Z] [INFO]    └─ Procesados 32 eventos nuevos...
[2026-01-22T08:36:51.053Z] [INFO]    └─ Procesados 78 eventos nuevos...
[2026-01-22T08:36:51.876Z] [INFO]    └─ Procesados 155 eventos nuevos...
[2026-01-22T08:36:52.722Z] [INFO]    └─ Procesados 57 eventos nuevos...
[2026-01-22T08:36:53.740Z] [INFO]    └─ Procesados 18 eventos nuevos...
[2026-01-22T08:36:54.548Z] [INFO]    └─ Procesados 8 eventos nuevos...
[2026-01-22T08:36:55.392Z] [INFO]    └─ Procesados 28 eventos nuevos...
[2026-01-22T08:36:56.320Z] [INFO]    └─ Procesados 90 eventos nuevos...
[2026-01-22T08:36:57.174Z] [INFO]    └─ Procesados 92 eventos nuevos...
[2026-01-22T08:36:57.967Z] [INFO]    └─ Procesados 97 eventos nuevos...
[2026-01-22T08:36:59.001Z] [INFO]    └─ Procesados 102 eventos nuevos...
[2026-01-22T08:36:59.830Z] [INFO]    └─ Procesados 81 eventos nuevos...
[2026-01-22T08:37:00.602Z] [INFO]    └─ Procesados 145 eventos nuevos...
[2026-01-22T08:37:01.571Z] [INFO]    └─ Procesados 133 eventos nuevos...
[2026-01-22T08:37:02.433Z] [INFO]    └─ Procesados 119 eventos nuevos...
[2026-01-22T08:37:03.363Z] [INFO]    └─ Procesados 186 eventos nuevos...
[2026-01-22T08:37:04.323Z] [INFO]    └─ Procesados 183 eventos nuevos...
[2026-01-22T08:37:05.244Z] [INFO]    └─ Procesados 140 eventos nuevos...
[2026-01-22T08:37:06.048Z] [INFO]    └─ Procesados 92 eventos nuevos...
[2026-01-22T08:37:06.718Z] [INFO] 🔢 Recalculando métricas...
[2026-01-22T08:37:08.520Z] [INFO] ✅ Métricas recalculadas en 1.80s
[2026-01-22T08:37:08.521Z] [INFO] ✅ Sincronización incremental completada en 53.84s. Nuevos: 3057, Saltados: 9125
